<?xml version="1.0" encoding="UTF-8"?>
<testng-results skipped="0" failed="0" ignored="0" total="1" passed="1">
  <reporter-output>
  </reporter-output>
  <suite name="Default suite" duration-ms="20430" started-at="2019-12-09T10:09:29Z" finished-at="2019-12-09T10:09:49Z">
    <groups>
    </groups>
    <test name="Default test" duration-ms="20430" started-at="2019-12-09T10:09:29Z" finished-at="2019-12-09T10:09:49Z">
      <class name="com.fb.facebook.TestSignUp">
        <test-method status="PASS" signature="initialize()[pri:0, instance:com.fb.facebook.TestSignUp@3108bc]" name="initialize" is-config="true" duration-ms="16662" started-at="2019-12-09T10:09:29Z" finished-at="2019-12-09T10:09:45Z">
          <reporter-output>
          </reporter-output>
        </test-method> <!-- initialize -->
        <test-method status="PASS" signature="runtest()[pri:0, instance:com.fb.facebook.TestSignUp@3108bc]" name="runtest" duration-ms="2010" started-at="2019-12-09T10:09:45Z" finished-at="2019-12-09T10:09:47Z">
          <reporter-output>
          </reporter-output>
        </test-method> <!-- runtest -->
        <test-method status="PASS" signature="screen_shot()[pri:0, instance:com.fb.facebook.TestSignUp@3108bc]" name="screen_shot" is-config="true" duration-ms="465" started-at="2019-12-09T10:09:47Z" finished-at="2019-12-09T10:09:48Z">
          <reporter-output>
          </reporter-output>
        </test-method> <!-- screen_shot -->
        <test-method status="PASS" signature="close()[pri:0, instance:com.fb.facebook.TestSignUp@3108bc]" name="close" is-config="true" duration-ms="1247" started-at="2019-12-09T10:09:48Z" finished-at="2019-12-09T10:09:49Z">
          <reporter-output>
          </reporter-output>
        </test-method> <!-- close -->
      </class> <!-- com.fb.facebook.TestSignUp -->
    </test> <!-- Default test -->
  </suite> <!-- Default suite -->
</testng-results>
